<?xml version="1.0" encoding="UTF-8" ?>
<testsuite tests="4" failures="0" name="com.smbcgroup.training.atm.api.APIControllerTest" time="1.313" errors="0" skipped="0">
  <properties>
[...]
</properties>
  <testcase classname="com.smbcgroup.training.atm.api.APIControllerTest" name="getAccount_Found" time="1.07"/>
  <testcase classname="com.smbcgroup.training.atm.api.APIControllerTest" name="getUser_NotFound" time="0.08"/>
  <testcase classname="com.smbcgroup.training.atm.api.APIControllerTest" name="getAccount_NotFound" time="0.105"/>
  <testcase classname="com.smbcgroup.training.atm.api.APIControllerTest" name="getUser_Found" time="0.058"/>
</testsuite>