<?xml version="1.0" encoding="UTF-8" ?>
<testsuite tests="4" failures="0" name="com.smbcgroup.training.atm.AccountDAOTxtImplTest" time="0" errors="0" skipped="0">
  <properties>
[...]
</properties>
  <testcase classname="com.smbcgroup.training.atm.AccountDAOTxtImplTest" name="test1" time="0"/>
  <testcase classname="com.smbcgroup.training.atm.AccountDAOTxtImplTest" name="test2" time="0"/>
  <testcase classname="com.smbcgroup.training.atm.AccountDAOTxtImplTest" name="test3" time="0"/>
  <testcase classname="com.smbcgroup.training.atm.AccountDAOTxtImplTest" name="test4" time="0"/>
</testsuite>